<?xml version="1.0" encoding="UTF-8"?>
<!-- Generated by org.testng.reporters.JUnitXMLReporter -->
<testsuite hostname="dlukiosk94646" ignored="0" name="First test" tests="6" failures="3" timestamp="08 Mar 2017 05:29:09 GMT" time="0.117" errors="0">
  <testcase name="doLogin" time="0.013" classname="com.indeed.tests.TestNGtutorial"/>
  <testcase name="doLogout" time="0.003" classname="com.indeed.tests.TestNGtutorial"/>
  <testcase name="checkTwoValues" time="0.004" classname="com.indeed.tests.TestNGtutorial"/>
  <testcase name="checkTrue" time="0.002" classname="com.indeed.tests.TestNGtutorial">
    <failure type="java.lang.AssertionError" message="Condition failed expected [true] but found [false]">
      <![CDATA[java.lang.AssertionError: Condition failed expected [true] but found [false]
	at com.indeed.tests.TestNGtutorial.checkTrue(TestNGtutorial.java:83)
... Removed 28 stack frames]]>
    </failure>
  </testcase> <!-- checkTrue -->
  <testcase name="compulsoryFail" time="0.002" classname="com.indeed.tests.TestNGtutorial">
    <failure type="java.lang.AssertionError" message="test failed">
      <![CDATA[java.lang.AssertionError: test failed
	at com.indeed.tests.TestNGtutorial.compulsoryFail(TestNGtutorial.java:89)
... Removed 26 stack frames]]>
    </failure>
  </testcase> <!-- compulsoryFail -->
  <testcase name="softAssertExample" time="0.004" classname="com.indeed.tests.TestNGtutorial">
    <failure type="java.lang.AssertionError" message="The following asserts failed:
	expected [c] but found [a]">
      <![CDATA[java.lang.AssertionError: The following asserts failed:
	expected [c] but found [a]
	at com.indeed.tests.TestNGtutorial.softAssertExample(TestNGtutorial.java:97)
... Removed 26 stack frames]]>
    </failure>
  </testcase> <!-- softAssertExample -->
</testsuite> <!-- First test -->
