<?xml version="1.0" encoding="UTF-8"?>
<!-- Generated by org.testng.reporters.JUnitXMLReporter -->
<testsuite hostname="dlukiosk94646" ignored="0" name="Test" tests="2" failures="1" timestamp="10 Mar 2017 05:52:10 GMT" time="0.557" errors="0">
  <testcase name="firstTest" time="0.067" classname="com.listeners.DemoTestClass"/>
  <testcase name="secondTest" time="0.002" classname="com.listeners.DemoTestClass">
    <failure type="java.lang.AssertionError" message="null">
      <![CDATA[java.lang.AssertionError: null
	at com.listeners.DemoTestClass.secondTest(DemoTestClass.java:18)
... Removed 27 stack frames]]>
    </failure>
  </testcase> <!-- secondTest -->
</testsuite> <!-- Test -->
