<?xml version="1.0" encoding="UTF-8"?>
<testng-results skipped="0" failed="0" ignored="0" total="1" passed="1">
  <reporter-output>
  </reporter-output>
  <suite name="Default suite" duration-ms="23638" started-at="2017-03-22T04:57:29Z" finished-at="2017-03-22T04:57:53Z">
    <groups>
    </groups>
    <test name="Default test" duration-ms="23638" started-at="2017-03-22T04:57:29Z" finished-at="2017-03-22T04:57:53Z">
      <class name="com.indeed.tests.Log4jDemo">
        <test-method status="PASS" signature="Test1()[pri:0, instance:com.indeed.tests.Log4jDemo@100fc185]" name="Test1" duration-ms="23559" started-at="2017-03-22T10:27:29Z" finished-at="2017-03-22T10:27:53Z">
          <reporter-output>
          </reporter-output>
        </test-method> <!-- Test1 -->
      </class> <!-- com.indeed.tests.Log4jDemo -->
    </test> <!-- Default test -->
  </suite> <!-- Default suite -->
</testng-results>
