<?xml version="1.0" encoding="UTF-8"?>
<testng-results skipped="0" failed="0" ignored="0" total="2" passed="2">
  <reporter-output>
  </reporter-output>
  <suite name="Default suite" duration-ms="737" started-at="2017-03-14T06:11:21Z" finished-at="2017-03-14T06:11:22Z">
    <groups>
    </groups>
    <test name="Default test" duration-ms="737" started-at="2017-03-14T06:11:21Z" finished-at="2017-03-14T06:11:22Z">
      <class name="com.indeed.tests.ExcelDemo">
        <test-method status="PASS" signature="readExcelBasicApachePOI()[pri:0, instance:com.indeed.tests.ExcelDemo@32d992b2]" name="readExcelBasicApachePOI" duration-ms="675" started-at="2017-03-14T11:41:21Z" finished-at="2017-03-14T11:41:22Z">
          <reporter-output>
          </reporter-output>
        </test-method> <!-- readExcelBasicApachePOI -->
        <test-method status="PASS" signature="readExcelUserLibrary()[pri:0, instance:com.indeed.tests.ExcelDemo@32d992b2]" name="readExcelUserLibrary" duration-ms="29" started-at="2017-03-14T11:41:22Z" finished-at="2017-03-14T11:41:22Z">
          <reporter-output>
          </reporter-output>
        </test-method> <!-- readExcelUserLibrary -->
      </class> <!-- com.indeed.tests.ExcelDemo -->
    </test> <!-- Default test -->
  </suite> <!-- Default suite -->
</testng-results>
